0 info it worked if it ends with ok
1 verbose cli [ '/usr/local/bin/node', '/usr/local/bin/npm', 'publish' ]
2 info using npm@3.6.0
3 info using node@v5.6.0
4 verbose publish [ '.' ]
5 silly cache add args [ '.', null ]
6 verbose cache add spec .
7 silly cache add parsed spec Result {
7 silly cache add   raw: '.',
7 silly cache add   scope: null,
7 silly cache add   name: null,
7 silly cache add   rawSpec: '.',
7 silly cache add   spec: '/Users/zhenn/work/github/webpf',
7 silly cache add   type: 'directory' }
8 verbose addLocalDirectory /Users/zhenn/.npm/webpf/1.0.0/package.tgz not in flight; packing
9 verbose correctMkdir /Users/zhenn/.npm correctMkdir not in flight; initializing
10 info lifecycle webpf@1.0.0~prepublish: webpf@1.0.0
11 silly lifecycle webpf@1.0.0~prepublish: no script for prepublish, continuing
12 verbose tar pack [ '/Users/zhenn/.npm/webpf/1.0.0/package.tgz',
12 verbose tar pack   '/Users/zhenn/work/github/webpf' ]
13 verbose tarball /Users/zhenn/.npm/webpf/1.0.0/package.tgz
14 verbose folder /Users/zhenn/work/github/webpf
15 verbose addLocalTarball adding from inside cache /Users/zhenn/.npm/webpf/1.0.0/package.tgz
16 verbose correctMkdir /Users/zhenn/.npm correctMkdir not in flight; initializing
17 silly cache afterAdd webpf@1.0.0
18 verbose afterAdd /Users/zhenn/.npm/webpf/1.0.0/package/package.json not in flight; writing
19 verbose correctMkdir /Users/zhenn/.npm correctMkdir not in flight; initializing
20 verbose afterAdd /Users/zhenn/.npm/webpf/1.0.0/package/package.json written
21 silly publish { name: 'webpf',
21 silly publish   version: '1.0.0',
21 silly publish   description: 'make webp picture to sequence frame that can be played with canvas',
21 silly publish   main: 'index.js',
21 silly publish   scripts: { test: 'echo "Error: no test specified" && exit 1' },
21 silly publish   bin: { webpf: './bin/webp.js' },
21 silly publish   keywords: [ 'webp' ],
21 silly publish   dependencies:
21 silly publish    { colors: '^1.1.2',
21 silly publish      commander: '^2.8.0',
21 silly publish      'copy-dir': '0.3.0',
21 silly publish      'cp-file': '^3.1.0',
21 silly publish      'json-comments': '^0.2.1',
21 silly publish      'json-stable-stringify': '^1.0.1',
21 silly publish      'mkdir-p': '0.0.6',
21 silly publish      'node-http': '0.0.5',
21 silly publish      prompt: '^1.0.0',
21 silly publish      rmdir: '^1.2.0',
21 silly publish      'rmdir-sync': '^1.0.1',
21 silly publish      step: '0.0.6',
21 silly publish      underscore: '^1.8.3',
21 silly publish      writefile: '^0.2.8' },
21 silly publish   author: { name: 'zhenn' },
21 silly publish   license: 'ISC',
21 silly publish   readme: 'ERROR: No README data found!',
21 silly publish   _id: 'webpf@1.0.0',
21 silly publish   _shasum: '60e5a196487319950842d0b99b02e5a30b9aef5f',
21 silly publish   _from: '.' }
22 verbose getPublishConfig undefined
23 silly mapToRegistry name webpf
24 silly mapToRegistry using default registry
25 silly mapToRegistry registry https://registry.npmjs.org/
26 silly mapToRegistry uri https://registry.npmjs.org/webpf
27 verbose publish registryBase https://registry.npmjs.org/
28 silly publish uploading /Users/zhenn/.npm/webpf/1.0.0/package.tgz
29 verbose request uri https://registry.npmjs.org/webpf
30 verbose request sending authorization for write operation
31 info attempt registry request try #1 at 14:37:09
32 verbose request using bearer token for auth
33 verbose request id 0770a05ec76e339d
34 http request PUT https://registry.npmjs.org/webpf
35 http 403 https://registry.npmjs.org/webpf
36 verbose headers { 'content-type': 'application/json',
36 verbose headers   'cache-control': 'max-age=300',
36 verbose headers   'content-length': '104',
36 verbose headers   'accept-ranges': 'bytes',
36 verbose headers   date: 'Sat, 09 Dec 2017 06:37:11 GMT',
36 verbose headers   via: '1.1 varnish',
36 verbose headers   connection: 'keep-alive',
36 verbose headers   'x-served-by': 'cache-hkg17930-HKG',
36 verbose headers   'x-cache': 'MISS',
36 verbose headers   'x-cache-hits': '0',
36 verbose headers   'x-timer': 'S1512801430.294588,VS0,VE1590',
36 verbose headers   vary: 'Accept-Encoding, Accept' }
37 verbose request invalidating /Users/zhenn/.npm/registry.npmjs.org/webpf on PUT
38 error publish Failed PUT 403
39 verbose stack Error: you must verify your email before publishing a new package: https://www.npmjs.com/email-edit : webpf
39 verbose stack     at makeError (/usr/local/lib/node_modules/npm/node_modules/npm-registry-client/lib/request.js:264:12)
39 verbose stack     at CachingRegistryClient.<anonymous> (/usr/local/lib/node_modules/npm/node_modules/npm-registry-client/lib/request.js:252:14)
39 verbose stack     at Request._callback (/usr/local/lib/node_modules/npm/node_modules/npm-registry-client/lib/request.js:172:14)
39 verbose stack     at Request.self.callback (/usr/local/lib/node_modules/npm/node_modules/request/request.js:198:22)
39 verbose stack     at emitTwo (events.js:100:13)
39 verbose stack     at Request.emit (events.js:185:7)
39 verbose stack     at Request.<anonymous> (/usr/local/lib/node_modules/npm/node_modules/request/request.js:1035:10)
39 verbose stack     at emitOne (events.js:95:20)
39 verbose stack     at Request.emit (events.js:182:7)
39 verbose stack     at IncomingMessage.<anonymous> (/usr/local/lib/node_modules/npm/node_modules/request/request.js:962:12)
40 verbose statusCode 403
41 verbose pkgid webpf
42 verbose cwd /Users/zhenn/work/github/webpf
43 error Darwin 15.6.0
44 error argv "/usr/local/bin/node" "/usr/local/bin/npm" "publish"
45 error node v5.6.0
46 error npm  v3.6.0
47 error code E403
48 error you must verify your email before publishing a new package: https://www.npmjs.com/email-edit : webpf
49 error If you need help, you may report this error at:
49 error     <https://github.com/npm/npm/issues>
50 verbose exit [ 1, true ]
